<?xml version="1.0" encoding="UTF-8"?>
<!-- Generated by org.testng.reporters.JUnitReportReporter -->
<testsuite hostname="tulasiramg" name="com.testing.AppTest" tests="1" failures="0" timestamp="11 Sep 2014 01:10:21 GMT" time="0.002" errors="0">
  <testcase name="testApp" time="0.002" classname="com.testing.AppTest"/>
</testsuite> <!-- com.testing.AppTest -->
