<?xml version="1.0" encoding="UTF-8"?>
<!-- Generated by org.testng.reporters.JUnitReportReporter -->
<testsuite hostname="tulasiramg" name="com.testing.NewTest" tests="1" failures="0" timestamp="11 Sep 2014 00:54:14 GMT" time="39.840" errors="0">
  <testcase name="test" time="39.840" classname="com.testing.NewTest"/>
</testsuite> <!-- com.testing.NewTest -->
